<?xml version="1.0" encoding="UTF-8"?>
<testsuite xmlns:xsi="http://www.w3.org/2001/XMLSchema-instance" xsi:noNamespaceSchemaLocation="https://maven.apache.org/surefire/maven-surefire-plugin/xsd/surefire-test-report.xsd" version="3.0.2" name="com.example.my_ci_cd_backend.MyCiCdBackendApplicationTests" time="3.646" tests="1" errors="0" skipped="0" failures="0">
  <properties>
[...]
</properties>
  <testcase name="contextLoads" classname="com.example.my_ci_cd_backend.MyCiCdBackendApplicationTests" time="0.788">
    <system-out><![CDATA[17:04:38.837 [main] INFO org.springframework.test.context.support.AnnotationConfigContextLoaderUtils -- Could not detect default configuration classes for test class [com.example.my_ci_cd_backend.MyCiCdBackendApplicationTests]: MyCiCdBackendApplicationTests does not declare any static, non-private, non-final, nested classes annotated with @Configuration.
17:04:39.020 [main] INFO org.springframework.boot.test.context.SpringBootTestContextBootstrapper -- Found @SpringBootConfiguration com.example.my_ci_cd_backend.MyCiCdBackendApplication for test class com.example.my_ci_cd_backend.MyCiCdBackendApplicationTests
17:04:39.245 [main] INFO org.springframework.boot.devtools.restart.RestartApplicationListener -- Restart disabled due to context in which it is running

  .   ____          _            __ _ _
 /\\ / ___'_ __ _ _(_)_ __  __ _ \ \ \ \
( ( )\___ | '_ | '_| | '_ \/ _` | \ \ \ \
 \\/  ___)| |_)| | | | | || (_| |  ) ) ) )
  '  |____| .__|_| |_|_| |_\__, | / / / /
 =========|_|==============|___/=/_/_/_/

 :: Spring Boot ::       (v4.0.1-SNAPSHOT)

2025-12-24T17:04:39.523+07:00  INFO 8356 --- [my-ci-cd-backend] [           main] c.e.m.MyCiCdBackendApplicationTests      : Starting MyCiCdBackendApplicationTests using Java 21.0.9 with PID 8356 (started by admin in C:\Users\admin\Downloads\my-ci-cd-backend)
2025-12-24T17:04:39.524+07:00  INFO 8356 --- [my-ci-cd-backend] [           main] c.e.m.MyCiCdBackendApplicationTests      : No active profile set, falling back to 1 default profile: "default"
2025-12-24T17:04:41.106+07:00  INFO 8356 --- [my-ci-cd-backend] [           main] o.s.b.a.e.web.EndpointLinksResolver      : Exposing 1 endpoint beneath base path '/actuator'
2025-12-24T17:04:41.146+07:00  INFO 8356 --- [my-ci-cd-backend] [           main] c.e.m.MyCiCdBackendApplicationTests      : Started MyCiCdBackendApplicationTests in 1.915 seconds (process running for 4.317)
]]></system-out>
    <system-err><![CDATA[Mockito is currently self-attaching to enable the inline-mock-maker. This will no longer work in future releases of the JDK. Please add Mockito as an agent to your build as described in Mockito's documentation: https://javadoc.io/doc/org.mockito/mockito-core/latest/org.mockito/org/mockito/Mockito.html#0.3
WARNING: A Java agent has been loaded dynamically (C:\Users\admin\.m2\repository\net\bytebuddy\byte-buddy-agent\1.17.8\byte-buddy-agent-1.17.8.jar)
WARNING: If a serviceability tool is in use, please run with -XX:+EnableDynamicAgentLoading to hide this warning
WARNING: If a serviceability tool is not in use, please run with -Djdk.instrument.traceUsage for more information
WARNING: Dynamic loading of agents will be disallowed by default in a future release
]]></system-err>
  </testcase>
</testsuite>